CRITICAL - 2021-12-09 06:08:40 --> Call to undefined function from_open_multipart()
#0 C:\Users\SDP\Documents\GitHub\sistemsurat\vendor\codeigniter4\framework\system\View\View.php(230): include()
#1 C:\Users\SDP\Documents\GitHub\sistemsurat\vendor\codeigniter4\framework\system\View\View.php(232): CodeIgniter\View\View->CodeIgniter\View\{closure}()
#2 C:\Users\SDP\Documents\GitHub\sistemsurat\vendor\codeigniter4\framework\system\Common.php(1271): CodeIgniter\View\View->render('suratmasuk/crea...', Array, true)
#3 C:\Users\SDP\Documents\GitHub\sistemsurat\app\Controllers\AdminSuratMasukController.php(44): view('suratmasuk/crea...', Array)
#4 C:\Users\SDP\Documents\GitHub\sistemsurat\vendor\codeigniter4\framework\system\CodeIgniter.php(928): App\Controllers\AdminSuratMasukController->create()
#5 C:\Users\SDP\Documents\GitHub\sistemsurat\vendor\codeigniter4\framework\system\CodeIgniter.php(436): CodeIgniter\CodeIgniter->runController(Object(App\Controllers\AdminSuratMasukController))
#6 C:\Users\SDP\Documents\GitHub\sistemsurat\vendor\codeigniter4\framework\system\CodeIgniter.php(336): CodeIgniter\CodeIgniter->handleRequest(NULL, Object(Config\Cache), false)
#7 C:\Users\SDP\Documents\GitHub\sistemsurat\public\index.php(37): CodeIgniter\CodeIgniter->run()
#8 C:\Users\SDP\Documents\GitHub\sistemsurat\vendor\codeigniter4\framework\system\Commands\Server\rewrite.php(45): require_once('C:\\Users\\SDP\\Do...')
#9 {main}
CRITICAL - 2021-12-09 06:09:49 --> Call to undefined function from_open_multipart()
#0 C:\Users\SDP\Documents\GitHub\sistemsurat\vendor\codeigniter4\framework\system\View\View.php(230): include()
#1 C:\Users\SDP\Documents\GitHub\sistemsurat\vendor\codeigniter4\framework\system\View\View.php(232): CodeIgniter\View\View->CodeIgniter\View\{closure}()
#2 C:\Users\SDP\Documents\GitHub\sistemsurat\vendor\codeigniter4\framework\system\Common.php(1271): CodeIgniter\View\View->render('suratmasuk/crea...', Array, true)
#3 C:\Users\SDP\Documents\GitHub\sistemsurat\app\Controllers\AdminSuratMasukController.php(47): view('suratmasuk/crea...', Array)
#4 C:\Users\SDP\Documents\GitHub\sistemsurat\vendor\codeigniter4\framework\system\CodeIgniter.php(928): App\Controllers\AdminSuratMasukController->create()
#5 C:\Users\SDP\Documents\GitHub\sistemsurat\vendor\codeigniter4\framework\system\CodeIgniter.php(436): CodeIgniter\CodeIgniter->runController(Object(App\Controllers\AdminSuratMasukController))
#6 C:\Users\SDP\Documents\GitHub\sistemsurat\vendor\codeigniter4\framework\system\CodeIgniter.php(336): CodeIgniter\CodeIgniter->handleRequest(NULL, Object(Config\Cache), false)
#7 C:\Users\SDP\Documents\GitHub\sistemsurat\public\index.php(37): CodeIgniter\CodeIgniter->run()
#8 C:\Users\SDP\Documents\GitHub\sistemsurat\vendor\codeigniter4\framework\system\Commands\Server\rewrite.php(45): require_once('C:\\Users\\SDP\\Do...')
#9 {main}
CRITICAL - 2021-12-09 06:09:50 --> Call to undefined function from_open_multipart()
#0 C:\Users\SDP\Documents\GitHub\sistemsurat\vendor\codeigniter4\framework\system\View\View.php(230): include()
#1 C:\Users\SDP\Documents\GitHub\sistemsurat\vendor\codeigniter4\framework\system\View\View.php(232): CodeIgniter\View\View->CodeIgniter\View\{closure}()
#2 C:\Users\SDP\Documents\GitHub\sistemsurat\vendor\codeigniter4\framework\system\Common.php(1271): CodeIgniter\View\View->render('suratmasuk/crea...', Array, true)
#3 C:\Users\SDP\Documents\GitHub\sistemsurat\app\Controllers\AdminSuratMasukController.php(47): view('suratmasuk/crea...', Array)
#4 C:\Users\SDP\Documents\GitHub\sistemsurat\vendor\codeigniter4\framework\system\CodeIgniter.php(928): App\Controllers\AdminSuratMasukController->create()
#5 C:\Users\SDP\Documents\GitHub\sistemsurat\vendor\codeigniter4\framework\system\CodeIgniter.php(436): CodeIgniter\CodeIgniter->runController(Object(App\Controllers\AdminSuratMasukController))
#6 C:\Users\SDP\Documents\GitHub\sistemsurat\vendor\codeigniter4\framework\system\CodeIgniter.php(336): CodeIgniter\CodeIgniter->handleRequest(NULL, Object(Config\Cache), false)
#7 C:\Users\SDP\Documents\GitHub\sistemsurat\public\index.php(37): CodeIgniter\CodeIgniter->run()
#8 C:\Users\SDP\Documents\GitHub\sistemsurat\vendor\codeigniter4\framework\system\Commands\Server\rewrite.php(45): require_once('C:\\Users\\SDP\\Do...')
#9 {main}
CRITICAL - 2021-12-09 06:10:01 --> Call to undefined function from_open_multipart()
#0 C:\Users\SDP\Documents\GitHub\sistemsurat\vendor\codeigniter4\framework\system\View\View.php(230): include()
#1 C:\Users\SDP\Documents\GitHub\sistemsurat\vendor\codeigniter4\framework\system\View\View.php(232): CodeIgniter\View\View->CodeIgniter\View\{closure}()
#2 C:\Users\SDP\Documents\GitHub\sistemsurat\vendor\codeigniter4\framework\system\Common.php(1271): CodeIgniter\View\View->render('suratmasuk/crea...', Array, true)
#3 C:\Users\SDP\Documents\GitHub\sistemsurat\app\Controllers\AdminSuratMasukController.php(47): view('suratmasuk/crea...', Array)
#4 C:\Users\SDP\Documents\GitHub\sistemsurat\vendor\codeigniter4\framework\system\CodeIgniter.php(928): App\Controllers\AdminSuratMasukController->create()
#5 C:\Users\SDP\Documents\GitHub\sistemsurat\vendor\codeigniter4\framework\system\CodeIgniter.php(436): CodeIgniter\CodeIgniter->runController(Object(App\Controllers\AdminSuratMasukController))
#6 C:\Users\SDP\Documents\GitHub\sistemsurat\vendor\codeigniter4\framework\system\CodeIgniter.php(336): CodeIgniter\CodeIgniter->handleRequest(NULL, Object(Config\Cache), false)
#7 C:\Users\SDP\Documents\GitHub\sistemsurat\public\index.php(37): CodeIgniter\CodeIgniter->run()
#8 C:\Users\SDP\Documents\GitHub\sistemsurat\vendor\codeigniter4\framework\system\Commands\Server\rewrite.php(45): require_once('C:\\Users\\SDP\\Do...')
#9 {main}
CRITICAL - 2021-12-09 06:10:39 --> Call to undefined function from_open_multipart()
#0 C:\Users\SDP\Documents\GitHub\sistemsurat\vendor\codeigniter4\framework\system\View\View.php(230): include()
#1 C:\Users\SDP\Documents\GitHub\sistemsurat\vendor\codeigniter4\framework\system\View\View.php(232): CodeIgniter\View\View->CodeIgniter\View\{closure}()
#2 C:\Users\SDP\Documents\GitHub\sistemsurat\vendor\codeigniter4\framework\system\Common.php(1271): CodeIgniter\View\View->render('suratmasuk/crea...', Array, true)
#3 C:\Users\SDP\Documents\GitHub\sistemsurat\app\Controllers\AdminSuratMasukController.php(47): view('suratmasuk/crea...', Array)
#4 C:\Users\SDP\Documents\GitHub\sistemsurat\vendor\codeigniter4\framework\system\CodeIgniter.php(928): App\Controllers\AdminSuratMasukController->create()
#5 C:\Users\SDP\Documents\GitHub\sistemsurat\vendor\codeigniter4\framework\system\CodeIgniter.php(436): CodeIgniter\CodeIgniter->runController(Object(App\Controllers\AdminSuratMasukController))
#6 C:\Users\SDP\Documents\GitHub\sistemsurat\vendor\codeigniter4\framework\system\CodeIgniter.php(336): CodeIgniter\CodeIgniter->handleRequest(NULL, Object(Config\Cache), false)
#7 C:\Users\SDP\Documents\GitHub\sistemsurat\public\index.php(37): CodeIgniter\CodeIgniter->run()
#8 C:\Users\SDP\Documents\GitHub\sistemsurat\vendor\codeigniter4\framework\system\Commands\Server\rewrite.php(45): require_once('C:\\Users\\SDP\\Do...')
#9 {main}
CRITICAL - 2021-12-09 06:10:40 --> Call to undefined function from_open_multipart()
#0 C:\Users\SDP\Documents\GitHub\sistemsurat\vendor\codeigniter4\framework\system\View\View.php(230): include()
#1 C:\Users\SDP\Documents\GitHub\sistemsurat\vendor\codeigniter4\framework\system\View\View.php(232): CodeIgniter\View\View->CodeIgniter\View\{closure}()
#2 C:\Users\SDP\Documents\GitHub\sistemsurat\vendor\codeigniter4\framework\system\Common.php(1271): CodeIgniter\View\View->render('suratmasuk/crea...', Array, true)
#3 C:\Users\SDP\Documents\GitHub\sistemsurat\app\Controllers\AdminSuratMasukController.php(47): view('suratmasuk/crea...', Array)
#4 C:\Users\SDP\Documents\GitHub\sistemsurat\vendor\codeigniter4\framework\system\CodeIgniter.php(928): App\Controllers\AdminSuratMasukController->create()
#5 C:\Users\SDP\Documents\GitHub\sistemsurat\vendor\codeigniter4\framework\system\CodeIgniter.php(436): CodeIgniter\CodeIgniter->runController(Object(App\Controllers\AdminSuratMasukController))
#6 C:\Users\SDP\Documents\GitHub\sistemsurat\vendor\codeigniter4\framework\system\CodeIgniter.php(336): CodeIgniter\CodeIgniter->handleRequest(NULL, Object(Config\Cache), false)
#7 C:\Users\SDP\Documents\GitHub\sistemsurat\public\index.php(37): CodeIgniter\CodeIgniter->run()
#8 C:\Users\SDP\Documents\GitHub\sistemsurat\vendor\codeigniter4\framework\system\Commands\Server\rewrite.php(45): require_once('C:\\Users\\SDP\\Do...')
#9 {main}
CRITICAL - 2021-12-09 06:10:53 --> Call to undefined function from_open_multipart()
#0 C:\Users\SDP\Documents\GitHub\sistemsurat\vendor\codeigniter4\framework\system\View\View.php(230): include()
#1 C:\Users\SDP\Documents\GitHub\sistemsurat\vendor\codeigniter4\framework\system\View\View.php(232): CodeIgniter\View\View->CodeIgniter\View\{closure}()
#2 C:\Users\SDP\Documents\GitHub\sistemsurat\vendor\codeigniter4\framework\system\Common.php(1271): CodeIgniter\View\View->render('suratmasuk/crea...', Array, true)
#3 C:\Users\SDP\Documents\GitHub\sistemsurat\app\Controllers\AdminSuratMasukController.php(47): view('suratmasuk/crea...', Array)
#4 C:\Users\SDP\Documents\GitHub\sistemsurat\vendor\codeigniter4\framework\system\CodeIgniter.php(928): App\Controllers\AdminSuratMasukController->create()
#5 C:\Users\SDP\Documents\GitHub\sistemsurat\vendor\codeigniter4\framework\system\CodeIgniter.php(436): CodeIgniter\CodeIgniter->runController(Object(App\Controllers\AdminSuratMasukController))
#6 C:\Users\SDP\Documents\GitHub\sistemsurat\vendor\codeigniter4\framework\system\CodeIgniter.php(336): CodeIgniter\CodeIgniter->handleRequest(NULL, Object(Config\Cache), false)
#7 C:\Users\SDP\Documents\GitHub\sistemsurat\public\index.php(37): CodeIgniter\CodeIgniter->run()
#8 C:\Users\SDP\Documents\GitHub\sistemsurat\vendor\codeigniter4\framework\system\Commands\Server\rewrite.php(45): require_once('C:\\Users\\SDP\\Do...')
#9 {main}
CRITICAL - 2021-12-09 06:10:54 --> Call to undefined function from_open_multipart()
#0 C:\Users\SDP\Documents\GitHub\sistemsurat\vendor\codeigniter4\framework\system\View\View.php(230): include()
#1 C:\Users\SDP\Documents\GitHub\sistemsurat\vendor\codeigniter4\framework\system\View\View.php(232): CodeIgniter\View\View->CodeIgniter\View\{closure}()
#2 C:\Users\SDP\Documents\GitHub\sistemsurat\vendor\codeigniter4\framework\system\Common.php(1271): CodeIgniter\View\View->render('suratmasuk/crea...', Array, true)
#3 C:\Users\SDP\Documents\GitHub\sistemsurat\app\Controllers\AdminSuratMasukController.php(47): view('suratmasuk/crea...', Array)
#4 C:\Users\SDP\Documents\GitHub\sistemsurat\vendor\codeigniter4\framework\system\CodeIgniter.php(928): App\Controllers\AdminSuratMasukController->create()
#5 C:\Users\SDP\Documents\GitHub\sistemsurat\vendor\codeigniter4\framework\system\CodeIgniter.php(436): CodeIgniter\CodeIgniter->runController(Object(App\Controllers\AdminSuratMasukController))
#6 C:\Users\SDP\Documents\GitHub\sistemsurat\vendor\codeigniter4\framework\system\CodeIgniter.php(336): CodeIgniter\CodeIgniter->handleRequest(NULL, Object(Config\Cache), false)
#7 C:\Users\SDP\Documents\GitHub\sistemsurat\public\index.php(37): CodeIgniter\CodeIgniter->run()
#8 C:\Users\SDP\Documents\GitHub\sistemsurat\vendor\codeigniter4\framework\system\Commands\Server\rewrite.php(45): require_once('C:\\Users\\SDP\\Do...')
#9 {main}
CRITICAL - 2021-12-09 06:11:32 --> Call to undefined function from_open_multipart()
#0 C:\Users\SDP\Documents\GitHub\sistemsurat\vendor\codeigniter4\framework\system\View\View.php(230): include()
#1 C:\Users\SDP\Documents\GitHub\sistemsurat\vendor\codeigniter4\framework\system\View\View.php(232): CodeIgniter\View\View->CodeIgniter\View\{closure}()
#2 C:\Users\SDP\Documents\GitHub\sistemsurat\vendor\codeigniter4\framework\system\Common.php(1271): CodeIgniter\View\View->render('suratmasuk/crea...', Array, true)
#3 C:\Users\SDP\Documents\GitHub\sistemsurat\app\Controllers\AdminSuratMasukController.php(47): view('suratmasuk/crea...', Array)
#4 C:\Users\SDP\Documents\GitHub\sistemsurat\vendor\codeigniter4\framework\system\CodeIgniter.php(928): App\Controllers\AdminSuratMasukController->create()
#5 C:\Users\SDP\Documents\GitHub\sistemsurat\vendor\codeigniter4\framework\system\CodeIgniter.php(436): CodeIgniter\CodeIgniter->runController(Object(App\Controllers\AdminSuratMasukController))
#6 C:\Users\SDP\Documents\GitHub\sistemsurat\vendor\codeigniter4\framework\system\CodeIgniter.php(336): CodeIgniter\CodeIgniter->handleRequest(NULL, Object(Config\Cache), false)
#7 C:\Users\SDP\Documents\GitHub\sistemsurat\public\index.php(37): CodeIgniter\CodeIgniter->run()
#8 C:\Users\SDP\Documents\GitHub\sistemsurat\vendor\codeigniter4\framework\system\Commands\Server\rewrite.php(45): require_once('C:\\Users\\SDP\\Do...')
#9 {main}
CRITICAL - 2021-12-09 06:11:33 --> Call to undefined function from_open_multipart()
#0 C:\Users\SDP\Documents\GitHub\sistemsurat\vendor\codeigniter4\framework\system\View\View.php(230): include()
#1 C:\Users\SDP\Documents\GitHub\sistemsurat\vendor\codeigniter4\framework\system\View\View.php(232): CodeIgniter\View\View->CodeIgniter\View\{closure}()
#2 C:\Users\SDP\Documents\GitHub\sistemsurat\vendor\codeigniter4\framework\system\Common.php(1271): CodeIgniter\View\View->render('suratmasuk/crea...', Array, true)
#3 C:\Users\SDP\Documents\GitHub\sistemsurat\app\Controllers\AdminSuratMasukController.php(47): view('suratmasuk/crea...', Array)
#4 C:\Users\SDP\Documents\GitHub\sistemsurat\vendor\codeigniter4\framework\system\CodeIgniter.php(928): App\Controllers\AdminSuratMasukController->create()
#5 C:\Users\SDP\Documents\GitHub\sistemsurat\vendor\codeigniter4\framework\system\CodeIgniter.php(436): CodeIgniter\CodeIgniter->runController(Object(App\Controllers\AdminSuratMasukController))
#6 C:\Users\SDP\Documents\GitHub\sistemsurat\vendor\codeigniter4\framework\system\CodeIgniter.php(336): CodeIgniter\CodeIgniter->handleRequest(NULL, Object(Config\Cache), false)
#7 C:\Users\SDP\Documents\GitHub\sistemsurat\public\index.php(37): CodeIgniter\CodeIgniter->run()
#8 C:\Users\SDP\Documents\GitHub\sistemsurat\vendor\codeigniter4\framework\system\Commands\Server\rewrite.php(45): require_once('C:\\Users\\SDP\\Do...')
#9 {main}
CRITICAL - 2021-12-09 06:11:36 --> Call to undefined function from_open_multipart()
#0 C:\Users\SDP\Documents\GitHub\sistemsurat\vendor\codeigniter4\framework\system\View\View.php(230): include()
#1 C:\Users\SDP\Documents\GitHub\sistemsurat\vendor\codeigniter4\framework\system\View\View.php(232): CodeIgniter\View\View->CodeIgniter\View\{closure}()
#2 C:\Users\SDP\Documents\GitHub\sistemsurat\vendor\codeigniter4\framework\system\Common.php(1271): CodeIgniter\View\View->render('suratmasuk/crea...', Array, true)
#3 C:\Users\SDP\Documents\GitHub\sistemsurat\app\Controllers\AdminSuratMasukController.php(47): view('suratmasuk/crea...', Array)
#4 C:\Users\SDP\Documents\GitHub\sistemsurat\vendor\codeigniter4\framework\system\CodeIgniter.php(928): App\Controllers\AdminSuratMasukController->create()
#5 C:\Users\SDP\Documents\GitHub\sistemsurat\vendor\codeigniter4\framework\system\CodeIgniter.php(436): CodeIgniter\CodeIgniter->runController(Object(App\Controllers\AdminSuratMasukController))
#6 C:\Users\SDP\Documents\GitHub\sistemsurat\vendor\codeigniter4\framework\system\CodeIgniter.php(336): CodeIgniter\CodeIgniter->handleRequest(NULL, Object(Config\Cache), false)
#7 C:\Users\SDP\Documents\GitHub\sistemsurat\public\index.php(37): CodeIgniter\CodeIgniter->run()
#8 C:\Users\SDP\Documents\GitHub\sistemsurat\vendor\codeigniter4\framework\system\Commands\Server\rewrite.php(45): require_once('C:\\Users\\SDP\\Do...')
#9 {main}
CRITICAL - 2021-12-09 06:18:40 --> Object of class CodeIgniter\Validation\Validation could not be converted to string
#0 C:\Users\SDP\Documents\GitHub\sistemsurat\vendor\codeigniter4\framework\system\View\View.php(230): include()
#1 C:\Users\SDP\Documents\GitHub\sistemsurat\vendor\codeigniter4\framework\system\View\View.php(232): CodeIgniter\View\View->CodeIgniter\View\{closure}()
#2 C:\Users\SDP\Documents\GitHub\sistemsurat\vendor\codeigniter4\framework\system\Common.php(1271): CodeIgniter\View\View->render('suratmasuk/crea...', Array, true)
#3 C:\Users\SDP\Documents\GitHub\sistemsurat\app\Controllers\AdminSuratMasukController.php(47): view('suratmasuk/crea...', Array)
#4 C:\Users\SDP\Documents\GitHub\sistemsurat\vendor\codeigniter4\framework\system\CodeIgniter.php(928): App\Controllers\AdminSuratMasukController->create()
#5 C:\Users\SDP\Documents\GitHub\sistemsurat\vendor\codeigniter4\framework\system\CodeIgniter.php(436): CodeIgniter\CodeIgniter->runController(Object(App\Controllers\AdminSuratMasukController))
#6 C:\Users\SDP\Documents\GitHub\sistemsurat\vendor\codeigniter4\framework\system\CodeIgniter.php(336): CodeIgniter\CodeIgniter->handleRequest(NULL, Object(Config\Cache), false)
#7 C:\Users\SDP\Documents\GitHub\sistemsurat\public\index.php(37): CodeIgniter\CodeIgniter->run()
#8 C:\Users\SDP\Documents\GitHub\sistemsurat\vendor\codeigniter4\framework\system\Commands\Server\rewrite.php(45): require_once('C:\\Users\\SDP\\Do...')
#9 {main}
