ERROR - 2021-11-14 02:50:54 --> Table 'user' already exists
CRITICAL - 2021-11-14 02:51:50 --> Invalid file: suratmasuk/index.php
#0 C:\xampp\htdocs\WeblanPrak_Arussurat\vendor\codeigniter4\framework\system\View\View.php(213): CodeIgniter\Exceptions\FrameworkException::forInvalidFile('suratmasuk/inde...')
#1 C:\xampp\htdocs\WeblanPrak_Arussurat\vendor\codeigniter4\framework\system\Common.php(1271): CodeIgniter\View\View->render('suratmasuk/inde...', Array, true)
#2 C:\xampp\htdocs\WeblanPrak_Arussurat\app\Controllers\AdminSuratMasukController.php(14): view('suratmasuk/inde...', Array)
#3 C:\xampp\htdocs\WeblanPrak_Arussurat\vendor\codeigniter4\framework\system\CodeIgniter.php(928): App\Controllers\AdminSuratMasukController->index()
#4 C:\xampp\htdocs\WeblanPrak_Arussurat\vendor\codeigniter4\framework\system\CodeIgniter.php(436): CodeIgniter\CodeIgniter->runController(Object(App\Controllers\AdminSuratMasukController))
#5 C:\xampp\htdocs\WeblanPrak_Arussurat\vendor\codeigniter4\framework\system\CodeIgniter.php(336): CodeIgniter\CodeIgniter->handleRequest(NULL, Object(Config\Cache), false)
#6 C:\xampp\htdocs\WeblanPrak_Arussurat\public\index.php(37): CodeIgniter\CodeIgniter->run()
#7 C:\xampp\htdocs\WeblanPrak_Arussurat\vendor\codeigniter4\framework\system\Commands\Server\rewrite.php(45): require_once('C:\\xampp\\htdocs...')
#8 {main}
CRITICAL - 2021-11-14 02:54:00 --> Invalid file: suratmasuk/index.php
#0 C:\xampp\htdocs\WeblanPrak_Arussurat\vendor\codeigniter4\framework\system\View\View.php(213): CodeIgniter\Exceptions\FrameworkException::forInvalidFile('suratmasuk/inde...')
#1 C:\xampp\htdocs\WeblanPrak_Arussurat\vendor\codeigniter4\framework\system\Common.php(1271): CodeIgniter\View\View->render('suratmasuk/inde...', Array, true)
#2 C:\xampp\htdocs\WeblanPrak_Arussurat\app\Controllers\AdminSuratMasukController.php(14): view('suratmasuk/inde...', Array)
#3 C:\xampp\htdocs\WeblanPrak_Arussurat\vendor\codeigniter4\framework\system\CodeIgniter.php(928): App\Controllers\AdminSuratMasukController->index()
#4 C:\xampp\htdocs\WeblanPrak_Arussurat\vendor\codeigniter4\framework\system\CodeIgniter.php(436): CodeIgniter\CodeIgniter->runController(Object(App\Controllers\AdminSuratMasukController))
#5 C:\xampp\htdocs\WeblanPrak_Arussurat\vendor\codeigniter4\framework\system\CodeIgniter.php(336): CodeIgniter\CodeIgniter->handleRequest(NULL, Object(Config\Cache), false)
#6 C:\xampp\htdocs\WeblanPrak_Arussurat\public\index.php(37): CodeIgniter\CodeIgniter->run()
#7 C:\xampp\htdocs\WeblanPrak_Arussurat\vendor\codeigniter4\framework\system\Commands\Server\rewrite.php(45): require_once('C:\\xampp\\htdocs...')
#8 {main}
CRITICAL - 2021-11-14 02:54:33 --> Invalid file: suratmasuk/index.php
#0 C:\xampp\htdocs\WeblanPrak_Arussurat\vendor\codeigniter4\framework\system\View\View.php(213): CodeIgniter\Exceptions\FrameworkException::forInvalidFile('suratmasuk/inde...')
#1 C:\xampp\htdocs\WeblanPrak_Arussurat\vendor\codeigniter4\framework\system\Common.php(1271): CodeIgniter\View\View->render('suratmasuk/inde...', Array, true)
#2 C:\xampp\htdocs\WeblanPrak_Arussurat\app\Controllers\AdminSuratMasukController.php(14): view('suratmasuk/inde...', Array)
#3 C:\xampp\htdocs\WeblanPrak_Arussurat\vendor\codeigniter4\framework\system\CodeIgniter.php(928): App\Controllers\AdminSuratMasukController->index()
#4 C:\xampp\htdocs\WeblanPrak_Arussurat\vendor\codeigniter4\framework\system\CodeIgniter.php(436): CodeIgniter\CodeIgniter->runController(Object(App\Controllers\AdminSuratMasukController))
#5 C:\xampp\htdocs\WeblanPrak_Arussurat\vendor\codeigniter4\framework\system\CodeIgniter.php(336): CodeIgniter\CodeIgniter->handleRequest(NULL, Object(Config\Cache), false)
#6 C:\xampp\htdocs\WeblanPrak_Arussurat\public\index.php(37): CodeIgniter\CodeIgniter->run()
#7 C:\xampp\htdocs\WeblanPrak_Arussurat\vendor\codeigniter4\framework\system\Commands\Server\rewrite.php(45): require_once('C:\\xampp\\htdocs...')
#8 {main}
CRITICAL - 2021-11-14 02:56:19 --> Invalid file: suratmasuk/index.php
#0 C:\xampp\htdocs\WeblanPrak_Arussurat\vendor\codeigniter4\framework\system\View\View.php(213): CodeIgniter\Exceptions\FrameworkException::forInvalidFile('suratmasuk/inde...')
#1 C:\xampp\htdocs\WeblanPrak_Arussurat\vendor\codeigniter4\framework\system\Common.php(1271): CodeIgniter\View\View->render('suratmasuk/inde...', Array, true)
#2 C:\xampp\htdocs\WeblanPrak_Arussurat\app\Controllers\AdminSuratMasukController.php(14): view('suratmasuk/inde...', Array)
#3 C:\xampp\htdocs\WeblanPrak_Arussurat\vendor\codeigniter4\framework\system\CodeIgniter.php(928): App\Controllers\AdminSuratMasukController->index()
#4 C:\xampp\htdocs\WeblanPrak_Arussurat\vendor\codeigniter4\framework\system\CodeIgniter.php(436): CodeIgniter\CodeIgniter->runController(Object(App\Controllers\AdminSuratMasukController))
#5 C:\xampp\htdocs\WeblanPrak_Arussurat\vendor\codeigniter4\framework\system\CodeIgniter.php(336): CodeIgniter\CodeIgniter->handleRequest(NULL, Object(Config\Cache), false)
#6 C:\xampp\htdocs\WeblanPrak_Arussurat\public\index.php(37): CodeIgniter\CodeIgniter->run()
#7 C:\xampp\htdocs\WeblanPrak_Arussurat\vendor\codeigniter4\framework\system\Commands\Server\rewrite.php(45): require_once('C:\\xampp\\htdocs...')
#8 {main}
ERROR - 2021-11-14 02:59:55 --> Table 'mydatabase.surat_masuk' doesn't exist
CRITICAL - 2021-11-14 02:59:55 --> Table 'mydatabase.surat_masuk' doesn't exist
#0 C:\xampp\htdocs\WeblanPrak_Arussurat\vendor\codeigniter4\framework\system\Database\MySQLi\Connection.php(329): mysqli->query('SELECT 1\nFROM `...')
#1 C:\xampp\htdocs\WeblanPrak_Arussurat\vendor\codeigniter4\framework\system\Database\BaseConnection.php(732): CodeIgniter\Database\MySQLi\Connection->execute('SELECT 1\nFROM `...')
#2 C:\xampp\htdocs\WeblanPrak_Arussurat\vendor\codeigniter4\framework\system\Database\BaseConnection.php(647): CodeIgniter\Database\BaseConnection->simpleQuery('SELECT 1\nFROM `...')
#3 C:\xampp\htdocs\WeblanPrak_Arussurat\vendor\codeigniter4\framework\system\Database\BaseBuilder.php(1881): CodeIgniter\Database\BaseConnection->query('SELECT 1\nFROM `...', Array, false)
#4 C:\xampp\htdocs\WeblanPrak_Arussurat\vendor\codeigniter4\framework\system\Validation\Rules.php(206): CodeIgniter\Database\BaseBuilder->get()
#5 C:\xampp\htdocs\WeblanPrak_Arussurat\vendor\codeigniter4\framework\system\Validation\Validation.php(312): CodeIgniter\Validation\Rules->is_unique('A/HIMAKOM/IX/20...', 'nomor', Array, NULL)
#6 C:\xampp\htdocs\WeblanPrak_Arussurat\vendor\codeigniter4\framework\system\Validation\Validation.php(159): CodeIgniter\Validation\Validation->processRules('nomor', 'Nomor', 'A/HIMAKOM/IX/20...', Array, Array)
#7 C:\xampp\htdocs\WeblanPrak_Arussurat\vendor\codeigniter4\framework\system\Controller.php(183): CodeIgniter\Validation\Validation->run()
#8 C:\xampp\htdocs\WeblanPrak_Arussurat\app\Controllers\AdminSuratMasukController.php(31): CodeIgniter\Controller->validate(Array)
#9 C:\xampp\htdocs\WeblanPrak_Arussurat\vendor\codeigniter4\framework\system\CodeIgniter.php(928): App\Controllers\AdminSuratMasukController->store()
#10 C:\xampp\htdocs\WeblanPrak_Arussurat\vendor\codeigniter4\framework\system\CodeIgniter.php(436): CodeIgniter\CodeIgniter->runController(Object(App\Controllers\AdminSuratMasukController))
#11 C:\xampp\htdocs\WeblanPrak_Arussurat\vendor\codeigniter4\framework\system\CodeIgniter.php(336): CodeIgniter\CodeIgniter->handleRequest(NULL, Object(Config\Cache), false)
#12 C:\xampp\htdocs\WeblanPrak_Arussurat\public\index.php(37): CodeIgniter\CodeIgniter->run()
#13 C:\xampp\htdocs\WeblanPrak_Arussurat\vendor\codeigniter4\framework\system\Commands\Server\rewrite.php(45): require_once('C:\\xampp\\htdocs...')
#14 {main}
ERROR - 2021-11-14 03:01:15 --> Unknown column 'created_at' in 'field list'
CRITICAL - 2021-11-14 03:01:15 --> Unknown column 'created_at' in 'field list'
#0 C:\xampp\htdocs\WeblanPrak_Arussurat\vendor\codeigniter4\framework\system\Database\MySQLi\Connection.php(329): mysqli->query('INSERT INTO `su...')
#1 C:\xampp\htdocs\WeblanPrak_Arussurat\vendor\codeigniter4\framework\system\Database\BaseConnection.php(732): CodeIgniter\Database\MySQLi\Connection->execute('INSERT INTO `su...')
#2 C:\xampp\htdocs\WeblanPrak_Arussurat\vendor\codeigniter4\framework\system\Database\BaseConnection.php(647): CodeIgniter\Database\BaseConnection->simpleQuery('INSERT INTO `su...')
#3 C:\xampp\htdocs\WeblanPrak_Arussurat\vendor\codeigniter4\framework\system\Database\BaseBuilder.php(2277): CodeIgniter\Database\BaseConnection->query('INSERT INTO `su...', Array, false)
#4 C:\xampp\htdocs\WeblanPrak_Arussurat\vendor\codeigniter4\framework\system\Model.php(259): CodeIgniter\Database\BaseBuilder->insert()
#5 C:\xampp\htdocs\WeblanPrak_Arussurat\vendor\codeigniter4\framework\system\BaseModel.php(774): CodeIgniter\Model->doInsert(Array)
#6 C:\xampp\htdocs\WeblanPrak_Arussurat\vendor\codeigniter4\framework\system\Model.php(686): CodeIgniter\BaseModel->insert(Array, true)
#7 C:\xampp\htdocs\WeblanPrak_Arussurat\app\Controllers\AdminSuratMasukController.php(73): CodeIgniter\Model->insert(Array)
#8 C:\xampp\htdocs\WeblanPrak_Arussurat\vendor\codeigniter4\framework\system\CodeIgniter.php(928): App\Controllers\AdminSuratMasukController->store()
#9 C:\xampp\htdocs\WeblanPrak_Arussurat\vendor\codeigniter4\framework\system\CodeIgniter.php(436): CodeIgniter\CodeIgniter->runController(Object(App\Controllers\AdminSuratMasukController))
#10 C:\xampp\htdocs\WeblanPrak_Arussurat\vendor\codeigniter4\framework\system\CodeIgniter.php(336): CodeIgniter\CodeIgniter->handleRequest(NULL, Object(Config\Cache), false)
#11 C:\xampp\htdocs\WeblanPrak_Arussurat\public\index.php(37): CodeIgniter\CodeIgniter->run()
#12 C:\xampp\htdocs\WeblanPrak_Arussurat\vendor\codeigniter4\framework\system\Commands\Server\rewrite.php(45): require_once('C:\\xampp\\htdocs...')
#13 {main}
CRITICAL - 2021-11-14 03:08:05 --> Undefined variable: nomor
#0 C:\xampp\htdocs\WeblanPrak_Arussurat\app\Controllers\AdminSuratMasukController.php(94): CodeIgniter\Debug\Exceptions->errorHandler(8, 'Undefined varia...', 'C:\\xampp\\htdocs...', 94, Array)
#1 C:\xampp\htdocs\WeblanPrak_Arussurat\vendor\codeigniter4\framework\system\CodeIgniter.php(928): App\Controllers\AdminSuratMasukController->edit('1213')
#2 C:\xampp\htdocs\WeblanPrak_Arussurat\vendor\codeigniter4\framework\system\CodeIgniter.php(436): CodeIgniter\CodeIgniter->runController(Object(App\Controllers\AdminSuratMasukController))
#3 C:\xampp\htdocs\WeblanPrak_Arussurat\vendor\codeigniter4\framework\system\CodeIgniter.php(336): CodeIgniter\CodeIgniter->handleRequest(NULL, Object(Config\Cache), false)
#4 C:\xampp\htdocs\WeblanPrak_Arussurat\public\index.php(37): CodeIgniter\CodeIgniter->run()
#5 C:\xampp\htdocs\WeblanPrak_Arussurat\vendor\codeigniter4\framework\system\Commands\Server\rewrite.php(45): require_once('C:\\xampp\\htdocs...')
#6 {main}
CRITICAL - 2021-11-14 03:09:00 --> Undefined variable: SuratMasukModel
#0 C:\xampp\htdocs\WeblanPrak_Arussurat\app\Controllers\AdminSuratMasukController.php(94): CodeIgniter\Debug\Exceptions->errorHandler(8, 'Undefined varia...', 'C:\\xampp\\htdocs...', 94, Array)
#1 C:\xampp\htdocs\WeblanPrak_Arussurat\vendor\codeigniter4\framework\system\CodeIgniter.php(928): App\Controllers\AdminSuratMasukController->edit('1213')
#2 C:\xampp\htdocs\WeblanPrak_Arussurat\vendor\codeigniter4\framework\system\CodeIgniter.php(436): CodeIgniter\CodeIgniter->runController(Object(App\Controllers\AdminSuratMasukController))
#3 C:\xampp\htdocs\WeblanPrak_Arussurat\vendor\codeigniter4\framework\system\CodeIgniter.php(336): CodeIgniter\CodeIgniter->handleRequest(NULL, Object(Config\Cache), false)
#4 C:\xampp\htdocs\WeblanPrak_Arussurat\public\index.php(37): CodeIgniter\CodeIgniter->run()
#5 C:\xampp\htdocs\WeblanPrak_Arussurat\vendor\codeigniter4\framework\system\Commands\Server\rewrite.php(45): require_once('C:\\xampp\\htdocs...')
#6 {main}
CRITICAL - 2021-11-14 03:09:30 --> Undefined variable: nomor
#0 C:\xampp\htdocs\WeblanPrak_Arussurat\app\Controllers\AdminSuratMasukController.php(94): CodeIgniter\Debug\Exceptions->errorHandler(8, 'Undefined varia...', 'C:\\xampp\\htdocs...', 94, Array)
#1 C:\xampp\htdocs\WeblanPrak_Arussurat\vendor\codeigniter4\framework\system\CodeIgniter.php(928): App\Controllers\AdminSuratMasukController->edit('1213')
#2 C:\xampp\htdocs\WeblanPrak_Arussurat\vendor\codeigniter4\framework\system\CodeIgniter.php(436): CodeIgniter\CodeIgniter->runController(Object(App\Controllers\AdminSuratMasukController))
#3 C:\xampp\htdocs\WeblanPrak_Arussurat\vendor\codeigniter4\framework\system\CodeIgniter.php(336): CodeIgniter\CodeIgniter->handleRequest(NULL, Object(Config\Cache), false)
#4 C:\xampp\htdocs\WeblanPrak_Arussurat\public\index.php(37): CodeIgniter\CodeIgniter->run()
#5 C:\xampp\htdocs\WeblanPrak_Arussurat\vendor\codeigniter4\framework\system\Commands\Server\rewrite.php(45): require_once('C:\\xampp\\htdocs...')
#6 {main}
CRITICAL - 2021-11-14 03:09:57 --> Undefined variable: post
#0 C:\xampp\htdocs\WeblanPrak_Arussurat\app\Views\suratmasuk\edit.php(220): CodeIgniter\Debug\Exceptions->errorHandler(8, 'Undefined varia...', 'C:\\xampp\\htdocs...', 220, Array)
#1 C:\xampp\htdocs\WeblanPrak_Arussurat\vendor\codeigniter4\framework\system\View\View.php(230): include('C:\\xampp\\htdocs...')
#2 C:\xampp\htdocs\WeblanPrak_Arussurat\vendor\codeigniter4\framework\system\View\View.php(232): CodeIgniter\View\View->CodeIgniter\View\{closure}()
#3 C:\xampp\htdocs\WeblanPrak_Arussurat\vendor\codeigniter4\framework\system\Common.php(1271): CodeIgniter\View\View->render('suratmasuk/edit', Array, true)
#4 C:\xampp\htdocs\WeblanPrak_Arussurat\app\Controllers\AdminSuratMasukController.php(96): view('suratmasuk/edit', Array)
#5 C:\xampp\htdocs\WeblanPrak_Arussurat\vendor\codeigniter4\framework\system\CodeIgniter.php(928): App\Controllers\AdminSuratMasukController->edit('1213')
#6 C:\xampp\htdocs\WeblanPrak_Arussurat\vendor\codeigniter4\framework\system\CodeIgniter.php(436): CodeIgniter\CodeIgniter->runController(Object(App\Controllers\AdminSuratMasukController))
#7 C:\xampp\htdocs\WeblanPrak_Arussurat\vendor\codeigniter4\framework\system\CodeIgniter.php(336): CodeIgniter\CodeIgniter->handleRequest(NULL, Object(Config\Cache), false)
#8 C:\xampp\htdocs\WeblanPrak_Arussurat\public\index.php(37): CodeIgniter\CodeIgniter->run()
#9 C:\xampp\htdocs\WeblanPrak_Arussurat\vendor\codeigniter4\framework\system\Commands\Server\rewrite.php(45): require_once('C:\\xampp\\htdocs...')
#10 {main}
CRITICAL - 2021-11-14 03:17:42 --> Undefined variable: nomor
#0 C:\xampp\htdocs\WeblanPrak_Arussurat\app\Controllers\AdminSuratMasukController.php(83): CodeIgniter\Debug\Exceptions->errorHandler(8, 'Undefined varia...', 'C:\\xampp\\htdocs...', 83, Array)
#1 C:\xampp\htdocs\WeblanPrak_Arussurat\vendor\codeigniter4\framework\system\CodeIgniter.php(928): App\Controllers\AdminSuratMasukController->delete('1213')
#2 C:\xampp\htdocs\WeblanPrak_Arussurat\vendor\codeigniter4\framework\system\CodeIgniter.php(436): CodeIgniter\CodeIgniter->runController(Object(App\Controllers\AdminSuratMasukController))
#3 C:\xampp\htdocs\WeblanPrak_Arussurat\vendor\codeigniter4\framework\system\CodeIgniter.php(336): CodeIgniter\CodeIgniter->handleRequest(NULL, Object(Config\Cache), false)
#4 C:\xampp\htdocs\WeblanPrak_Arussurat\public\index.php(37): CodeIgniter\CodeIgniter->run()
#5 C:\xampp\htdocs\WeblanPrak_Arussurat\vendor\codeigniter4\framework\system\Commands\Server\rewrite.php(45): require_once('C:\\xampp\\htdocs...')
#6 {main}
CRITICAL - 2021-11-14 04:20:12 --> Invalid file: suratmasuk/index.php
#0 C:\xampp\htdocs\WeblanPrak_Arussurat\vendor\codeigniter4\framework\system\View\View.php(213): CodeIgniter\Exceptions\FrameworkException::forInvalidFile('suratmasuk/inde...')
#1 C:\xampp\htdocs\WeblanPrak_Arussurat\vendor\codeigniter4\framework\system\Common.php(1271): CodeIgniter\View\View->render('suratmasuk/inde...', Array, true)
#2 C:\xampp\htdocs\WeblanPrak_Arussurat\app\Controllers\AdminSuratMasukController.php(14): view('suratmasuk/inde...', Array)
#3 C:\xampp\htdocs\WeblanPrak_Arussurat\vendor\codeigniter4\framework\system\CodeIgniter.php(928): App\Controllers\AdminSuratMasukController->index()
#4 C:\xampp\htdocs\WeblanPrak_Arussurat\vendor\codeigniter4\framework\system\CodeIgniter.php(436): CodeIgniter\CodeIgniter->runController(Object(App\Controllers\AdminSuratMasukController))
#5 C:\xampp\htdocs\WeblanPrak_Arussurat\vendor\codeigniter4\framework\system\CodeIgniter.php(336): CodeIgniter\CodeIgniter->handleRequest(NULL, Object(Config\Cache), false)
#6 C:\xampp\htdocs\WeblanPrak_Arussurat\public\index.php(37): CodeIgniter\CodeIgniter->run()
#7 C:\xampp\htdocs\WeblanPrak_Arussurat\vendor\codeigniter4\framework\system\Commands\Server\rewrite.php(45): require_once('C:\\xampp\\htdocs...')
#8 {main}
CRITICAL - 2021-11-14 04:20:27 --> Invalid file: suratmasuk/index.php
#0 C:\xampp\htdocs\WeblanPrak_Arussurat\vendor\codeigniter4\framework\system\View\View.php(213): CodeIgniter\Exceptions\FrameworkException::forInvalidFile('suratmasuk/inde...')
#1 C:\xampp\htdocs\WeblanPrak_Arussurat\vendor\codeigniter4\framework\system\Common.php(1271): CodeIgniter\View\View->render('suratmasuk/inde...', Array, true)
#2 C:\xampp\htdocs\WeblanPrak_Arussurat\app\Controllers\AdminSuratMasukController.php(14): view('suratmasuk/inde...', Array)
#3 C:\xampp\htdocs\WeblanPrak_Arussurat\vendor\codeigniter4\framework\system\CodeIgniter.php(928): App\Controllers\AdminSuratMasukController->index()
#4 C:\xampp\htdocs\WeblanPrak_Arussurat\vendor\codeigniter4\framework\system\CodeIgniter.php(436): CodeIgniter\CodeIgniter->runController(Object(App\Controllers\AdminSuratMasukController))
#5 C:\xampp\htdocs\WeblanPrak_Arussurat\vendor\codeigniter4\framework\system\CodeIgniter.php(336): CodeIgniter\CodeIgniter->handleRequest(NULL, Object(Config\Cache), false)
#6 C:\xampp\htdocs\WeblanPrak_Arussurat\public\index.php(37): CodeIgniter\CodeIgniter->run()
#7 C:\xampp\htdocs\WeblanPrak_Arussurat\vendor\codeigniter4\framework\system\Commands\Server\rewrite.php(45): require_once('C:\\xampp\\htdocs...')
#8 {main}
CRITICAL - 2021-11-14 04:20:28 --> Invalid file: suratmasuk/index.php
#0 C:\xampp\htdocs\WeblanPrak_Arussurat\vendor\codeigniter4\framework\system\View\View.php(213): CodeIgniter\Exceptions\FrameworkException::forInvalidFile('suratmasuk/inde...')
#1 C:\xampp\htdocs\WeblanPrak_Arussurat\vendor\codeigniter4\framework\system\Common.php(1271): CodeIgniter\View\View->render('suratmasuk/inde...', Array, true)
#2 C:\xampp\htdocs\WeblanPrak_Arussurat\app\Controllers\AdminSuratMasukController.php(14): view('suratmasuk/inde...', Array)
#3 C:\xampp\htdocs\WeblanPrak_Arussurat\vendor\codeigniter4\framework\system\CodeIgniter.php(928): App\Controllers\AdminSuratMasukController->index()
#4 C:\xampp\htdocs\WeblanPrak_Arussurat\vendor\codeigniter4\framework\system\CodeIgniter.php(436): CodeIgniter\CodeIgniter->runController(Object(App\Controllers\AdminSuratMasukController))
#5 C:\xampp\htdocs\WeblanPrak_Arussurat\vendor\codeigniter4\framework\system\CodeIgniter.php(336): CodeIgniter\CodeIgniter->handleRequest(NULL, Object(Config\Cache), false)
#6 C:\xampp\htdocs\WeblanPrak_Arussurat\public\index.php(37): CodeIgniter\CodeIgniter->run()
#7 C:\xampp\htdocs\WeblanPrak_Arussurat\vendor\codeigniter4\framework\system\Commands\Server\rewrite.php(45): require_once('C:\\xampp\\htdocs...')
#8 {main}
